<?xml version="1.0" encoding="UTF-8"?>
<!-- Generated by org.testng.reporters.JUnitXMLReporter -->
<testsuite hostname="HANDIQUE-PC" ignored="0" name="Test" tests="3" failures="1" timestamp="21 Aug 2020 06:45:10 GMT" time="78.354" errors="0">
  <testcase name="XAP_login" time="11.905" classname="com.web.testcases.login_test_without_utility"/>
  <testcase name="XAP_Logout" time="28.37" classname="com.web.testcases.login_test_without_utility"/>
  <testcase name="XAP_page_title" time="0.038" classname="com.web.testcases.login_test_without_utility">
    <failure type="java.lang.AssertionError" message="Page title do not match, log a defect. expected [XAP1] but found [XAP]">
      <![CDATA[java.lang.AssertionError: Page title do not match, log a defect. expected [XAP1] but found [XAP]
at com.web.testcases.login_test_without_utility.XAP_page_title(login_test_without_utility.java:50)
... Removed 30 stack frames]]>
    </failure>
  </testcase> <!-- XAP_page_title -->
</testsuite> <!-- Test -->
