<?xml version="1.0" encoding="UTF-8"?>
<testng-results skipped="0" failed="0" ignored="0" total="6" passed="6">
  <reporter-output>
  </reporter-output>
  <suite name="Default suite" duration-ms="227438" started-at="2020-09-11T07:50:06Z" finished-at="2020-09-11T07:53:53Z">
    <groups>
    </groups>
    <test name="Default test" duration-ms="227438" started-at="2020-09-11T07:50:06Z" finished-at="2020-09-11T07:53:53Z">
      <class name="Practice.login">
        <test-method status="PASS" signature="suitr()[pri:0, instance:Practice.login@604ed9f0]" name="suitr" is-config="true" duration-ms="358" started-at="2020-09-11T07:50:06Z" finished-at="2020-09-11T07:50:06Z">
          <reporter-output>
          </reporter-output>
        </test-method> <!-- suitr -->
        <test-method status="PASS" signature="set_up()[pri:0, instance:Practice.login@604ed9f0]" name="set_up" is-config="true" duration-ms="15527" started-at="2020-09-11T07:50:06Z" finished-at="2020-09-11T07:50:22Z">
          <reporter-output>
          </reporter-output>
        </test-method> <!-- set_up -->
        <test-method status="PASS" signature="Page_Title()[pri:0, instance:Practice.login@604ed9f0]" name="Page_Title" duration-ms="86" started-at="2020-09-11T07:50:22Z" finished-at="2020-09-11T07:50:22Z">
          <reporter-output>
          </reporter-output>
        </test-method> <!-- Page_Title -->
        <test-method status="PASS" signature="tear_down()[pri:0, instance:Practice.login@604ed9f0]" name="tear_down" is-config="true" duration-ms="5141" started-at="2020-09-11T07:50:22Z" finished-at="2020-09-11T07:50:27Z">
          <reporter-output>
          </reporter-output>
        </test-method> <!-- tear_down -->
        <test-method status="PASS" signature="set_up()[pri:0, instance:Practice.login@604ed9f0]" name="set_up" is-config="true" duration-ms="11829" started-at="2020-09-11T07:50:27Z" finished-at="2020-09-11T07:50:39Z">
          <reporter-output>
          </reporter-output>
        </test-method> <!-- set_up -->
        <test-method status="PASS" signature="checkbox_default()[pri:0, instance:Practice.login@604ed9f0]" name="checkbox_default" duration-ms="7270" started-at="2020-09-11T07:50:39Z" finished-at="2020-09-11T07:50:46Z">
          <reporter-output>
          </reporter-output>
        </test-method> <!-- checkbox_default -->
        <test-method status="PASS" signature="tear_down()[pri:0, instance:Practice.login@604ed9f0]" name="tear_down" is-config="true" duration-ms="3079" started-at="2020-09-11T07:50:46Z" finished-at="2020-09-11T07:50:49Z">
          <reporter-output>
          </reporter-output>
        </test-method> <!-- tear_down -->
        <test-method status="PASS" signature="set_up()[pri:0, instance:Practice.login@604ed9f0]" name="set_up" is-config="true" duration-ms="12131" started-at="2020-09-11T07:50:49Z" finished-at="2020-09-11T07:51:01Z">
          <reporter-output>
          </reporter-output>
        </test-method> <!-- set_up -->
        <test-method status="PASS" signature="checkbox_uncheck()[pri:0, instance:Practice.login@604ed9f0]" name="checkbox_uncheck" duration-ms="12728" started-at="2020-09-11T07:51:01Z" finished-at="2020-09-11T07:51:14Z">
          <reporter-output>
          </reporter-output>
        </test-method> <!-- checkbox_uncheck -->
        <test-method status="PASS" signature="tear_down()[pri:0, instance:Practice.login@604ed9f0]" name="tear_down" is-config="true" duration-ms="2986" started-at="2020-09-11T07:51:14Z" finished-at="2020-09-11T07:51:17Z">
          <reporter-output>
          </reporter-output>
        </test-method> <!-- tear_down -->
        <test-method status="PASS" signature="set_up()[pri:0, instance:Practice.login@604ed9f0]" name="set_up" is-config="true" duration-ms="12391" started-at="2020-09-11T07:51:17Z" finished-at="2020-09-11T07:51:29Z">
          <reporter-output>
          </reporter-output>
        </test-method> <!-- set_up -->
        <test-method status="PASS" signature="invalid_login_and_error_message()[pri:0, instance:Practice.login@604ed9f0]" name="invalid_login_and_error_message" duration-ms="47366" started-at="2020-09-11T07:51:29Z" finished-at="2020-09-11T07:52:17Z">
          <reporter-output>
          </reporter-output>
        </test-method> <!-- invalid_login_and_error_message -->
        <test-method status="PASS" signature="tear_down()[pri:0, instance:Practice.login@604ed9f0]" name="tear_down" is-config="true" duration-ms="3579" started-at="2020-09-11T07:52:17Z" finished-at="2020-09-11T07:52:20Z">
          <reporter-output>
          </reporter-output>
        </test-method> <!-- tear_down -->
        <test-method status="PASS" signature="set_up()[pri:0, instance:Practice.login@604ed9f0]" name="set_up" is-config="true" duration-ms="12239" started-at="2020-09-11T07:52:20Z" finished-at="2020-09-11T07:52:32Z">
          <reporter-output>
          </reporter-output>
        </test-method> <!-- set_up -->
        <test-method status="PASS" signature="lost_password_link()[pri:0, instance:Practice.login@604ed9f0]" name="lost_password_link" duration-ms="14866" started-at="2020-09-11T07:52:32Z" finished-at="2020-09-11T07:52:47Z">
          <reporter-output>
          </reporter-output>
        </test-method> <!-- lost_password_link -->
        <test-method status="PASS" signature="tear_down()[pri:0, instance:Practice.login@604ed9f0]" name="tear_down" is-config="true" duration-ms="3191" started-at="2020-09-11T07:52:47Z" finished-at="2020-09-11T07:52:50Z">
          <reporter-output>
          </reporter-output>
        </test-method> <!-- tear_down -->
        <test-method status="PASS" signature="set_up()[pri:0, instance:Practice.login@604ed9f0]" name="set_up" is-config="true" duration-ms="12543" started-at="2020-09-11T07:52:50Z" finished-at="2020-09-11T07:53:03Z">
          <reporter-output>
          </reporter-output>
        </test-method> <!-- set_up -->
        <test-method status="PASS" signature="valid_login()[pri:0, instance:Practice.login@604ed9f0]" name="valid_login" duration-ms="47437" started-at="2020-09-11T07:53:03Z" finished-at="2020-09-11T07:53:50Z">
          <reporter-output>
          </reporter-output>
        </test-method> <!-- valid_login -->
        <test-method status="PASS" signature="tear_down()[pri:0, instance:Practice.login@604ed9f0]" name="tear_down" is-config="true" duration-ms="2993" started-at="2020-09-11T07:53:50Z" finished-at="2020-09-11T07:53:53Z">
          <reporter-output>
          </reporter-output>
        </test-method> <!-- tear_down -->
      </class> <!-- Practice.login -->
    </test> <!-- Default test -->
  </suite> <!-- Default suite -->
</testng-results>
