<?xml version="1.0" encoding="UTF-8"?>
<!-- Generated by org.testng.reporters.JUnitXMLReporter -->
<testsuite hostname="HANDIQUE-PC" ignored="0" name="Default test" tests="6" failures="0" timestamp="11 Sep 2020 07:53:53 GMT" time="227.438" errors="0">
  <testcase name="Page_Title" time="0.086" classname="Practice.login"/>
  <testcase name="checkbox_default" time="7.27" classname="Practice.login"/>
  <testcase name="checkbox_uncheck" time="12.728" classname="Practice.login"/>
  <testcase name="invalid_login_and_error_message" time="47.366" classname="Practice.login"/>
  <testcase name="lost_password_link" time="14.866" classname="Practice.login"/>
  <testcase name="valid_login" time="47.437" classname="Practice.login"/>
</testsuite> <!-- Default test -->
